<?xml version="1.0" encoding="UTF-8"?>
<!-- Generated by org.testng.reporters.JUnitXMLReporter -->
<testsuite hostname="DESKTOP-MN8SR0A" name="Free CRM App Test Cases" tests="5" failures="0" timestamp="13 Feb 2019 04:06:30 GMT" time="56.526" errors="0">
  <testcase name="crmLogoImageTest" time="0.098" classname="com.qa.tests.LoginPageTest"/>
  <testcase name="logintest" time="3.197" classname="com.qa.tests.LoginPageTest"/>
  <testcase name="verifyHomePageTitleTest" time="0.051" classname="com.qa.tests.HomePageTest"/>
  <testcase name="verifyUserNameTest" time="0.001" classname="com.qa.tests.HomePageTest"/>
  <testcase name="verifyContactsPageLabel" time="0.003" classname="com.qa.tests.ContactsPageTest"/>
</testsuite> <!-- Free CRM App Test Cases -->
